[2022-09-12T15:03:12.098+0000] {taskinstance.py:1171} INFO - Dependencies all met for <TaskInstance: first_dag.get_data manual__2022-09-12T15:03:09.885931+00:00 [queued]>
[2022-09-12T15:03:12.122+0000] {taskinstance.py:1171} INFO - Dependencies all met for <TaskInstance: first_dag.get_data manual__2022-09-12T15:03:09.885931+00:00 [queued]>
[2022-09-12T15:03:12.123+0000] {taskinstance.py:1368} INFO - 
--------------------------------------------------------------------------------
[2022-09-12T15:03:12.124+0000] {taskinstance.py:1369} INFO - Starting attempt 1 of 2
[2022-09-12T15:03:12.125+0000] {taskinstance.py:1370} INFO - 
--------------------------------------------------------------------------------
[2022-09-12T15:03:12.155+0000] {taskinstance.py:1389} INFO - Executing <Task(PythonOperator): get_data> on 2022-09-12 15:03:09.885931+00:00
[2022-09-12T15:03:12.164+0000] {standard_task_runner.py:52} INFO - Started process 199 to run task
[2022-09-12T15:03:12.169+0000] {standard_task_runner.py:79} INFO - Running: ['***', 'tasks', 'run', 'first_dag', 'get_data', 'manual__2022-09-12T15:03:09.885931+00:00', '--job-id', '40', '--raw', '--subdir', 'DAGS_FOLDER/first_dag.py', '--cfg-path', '/tmp/tmpfwtxy_8n', '--error-file', '/tmp/tmpbilvgnpr']
[2022-09-12T15:03:12.171+0000] {standard_task_runner.py:80} INFO - Job 40: Subtask get_data
[2022-09-12T15:03:12.293+0000] {task_command.py:371} INFO - Running <TaskInstance: first_dag.get_data manual__2022-09-12T15:03:09.885931+00:00 [running]> on host 657cf21911db
[2022-09-12T15:03:12.427+0000] {taskinstance.py:1583} INFO - Exporting the following env vars:
AIRFLOW_CTX_DAG_OWNER=***
AIRFLOW_CTX_DAG_ID=first_dag
AIRFLOW_CTX_TASK_ID=get_data
AIRFLOW_CTX_EXECUTION_DATE=2022-09-12T15:03:09.885931+00:00
AIRFLOW_CTX_TRY_NUMBER=1
AIRFLOW_CTX_DAG_RUN_ID=manual__2022-09-12T15:03:09.885931+00:00
[2022-09-12T15:03:12.429+0000] {logging_mixin.py:115} INFO - Hello waw... Tom, 4
[2022-09-12T15:03:12.430+0000] {python.py:173} INFO - Done. Returned value was: None
[2022-09-12T15:03:12.456+0000] {taskinstance.py:1412} INFO - Marking task as SUCCESS. dag_id=first_dag, task_id=get_data, execution_date=20220912T150309, start_date=20220912T150312, end_date=20220912T150312
[2022-09-12T15:03:12.501+0000] {local_task_job.py:156} INFO - Task exited with return code 0
[2022-09-12T15:03:12.569+0000] {local_task_job.py:279} INFO - 1 downstream tasks scheduled from follow-on schedule check
