[2022-09-12T15:03:15.255+0000] {taskinstance.py:1171} INFO - Dependencies all met for <TaskInstance: first_dag.b manual__2022-09-12T15:03:09.885931+00:00 [queued]>
[2022-09-12T15:03:15.291+0000] {taskinstance.py:1171} INFO - Dependencies all met for <TaskInstance: first_dag.b manual__2022-09-12T15:03:09.885931+00:00 [queued]>
[2022-09-12T15:03:15.295+0000] {taskinstance.py:1368} INFO - 
--------------------------------------------------------------------------------
[2022-09-12T15:03:15.297+0000] {taskinstance.py:1369} INFO - Starting attempt 1 of 2
[2022-09-12T15:03:15.299+0000] {taskinstance.py:1370} INFO - 
--------------------------------------------------------------------------------
[2022-09-12T15:03:15.350+0000] {taskinstance.py:1389} INFO - Executing <Task(PythonOperator): b> on 2022-09-12 15:03:09.885931+00:00
[2022-09-12T15:03:15.364+0000] {standard_task_runner.py:52} INFO - Started process 208 to run task
[2022-09-12T15:03:15.370+0000] {standard_task_runner.py:79} INFO - Running: ['***', 'tasks', 'run', 'first_dag', 'b', 'manual__2022-09-12T15:03:09.885931+00:00', '--job-id', '41', '--raw', '--subdir', 'DAGS_FOLDER/first_dag.py', '--cfg-path', '/tmp/tmp2d5fzgjy', '--error-file', '/tmp/tmp9f_3ey3m']
[2022-09-12T15:03:15.373+0000] {standard_task_runner.py:80} INFO - Job 41: Subtask b
[2022-09-12T15:03:15.521+0000] {task_command.py:371} INFO - Running <TaskInstance: first_dag.b manual__2022-09-12T15:03:09.885931+00:00 [running]> on host 657cf21911db
[2022-09-12T15:03:15.736+0000] {taskinstance.py:1583} INFO - Exporting the following env vars:
AIRFLOW_CTX_DAG_OWNER=***
AIRFLOW_CTX_DAG_ID=first_dag
AIRFLOW_CTX_TASK_ID=b
AIRFLOW_CTX_EXECUTION_DATE=2022-09-12T15:03:09.885931+00:00
AIRFLOW_CTX_TRY_NUMBER=1
AIRFLOW_CTX_DAG_RUN_ID=manual__2022-09-12T15:03:09.885931+00:00
[2022-09-12T15:03:15.739+0000] {logging_mixin.py:115} INFO - Ritorno: 
[2022-09-12T15:03:15.740+0000] {python.py:173} INFO - Done. Returned value was: None
[2022-09-12T15:03:15.780+0000] {taskinstance.py:1412} INFO - Marking task as SUCCESS. dag_id=first_dag, task_id=b, execution_date=20220912T150309, start_date=20220912T150315, end_date=20220912T150315
[2022-09-12T15:03:15.864+0000] {local_task_job.py:156} INFO - Task exited with return code 0
[2022-09-12T15:03:16.068+0000] {local_task_job.py:279} INFO - 0 downstream tasks scheduled from follow-on schedule check
